15:16:38 INFO  : Registering command handlers for Vitis TCF services
15:16:38 INFO  : Launching XSCT server: xsct.bat -n  -interactive D:\FPGA\FPGA\qinrushi_vitis\gpio_mio\vitis\temp_xsdb_launch_script.tcl
15:16:39 INFO  : Platform repository initialization has completed.
15:16:40 INFO  : XSCT server has started successfully.
15:16:40 INFO  : plnx-install-location is set to ''
15:16:40 INFO  : Successfully done setting XSCT server connection channel  
15:16:40 INFO  : Successfully done query RDI_DATADIR 
15:16:40 INFO  : Successfully done setting workspace for the tool. 
15:20:30 INFO  : Result from executing command 'getProjects': system_wrapper
15:20:30 INFO  : Result from executing command 'getPlatforms': 
15:20:30 WARN  : An unexpected exception occurred in the module 'platform project logging'
15:20:30 INFO  : Platform 'system_wrapper' is added to custom repositories.
15:20:36 INFO  : Platform 'system_wrapper' is added to custom repositories.
15:29:36 INFO  : Example project xgpiops_polled_example_1 has been created successfully.
16:00:56 INFO  : Result from executing command 'getProjects': system_wrapper
16:00:56 INFO  : Result from executing command 'getPlatforms': system_wrapper|D:/FPGA/FPGA/qinrushi_vitis/gpio_mio/vitis/system_wrapper/export/system_wrapper/system_wrapper.xpfm
16:00:56 INFO  : Checking for BSP changes to sync application flags for project 'gpio_mio'...
16:31:31 INFO  : Connected to target on host '127.0.0.1' and port '3121'.
16:31:31 INFO  : Jtag cable 'Digilent JTAG-HS1 210512180081' is selected.
16:31:31 INFO  : 'jtag frequency' command is executed.
16:31:31 INFO  : Context for 'APU' is selected.
16:31:32 INFO  : System reset is completed.
16:31:35 INFO  : 'after 3000' command is executed.
16:31:35 INFO  : Context for 'APU' is selected.
16:31:35 INFO  : Hardware design and registers information is loaded from 'D:/FPGA/FPGA/qinrushi_vitis/gpio_mio/vitis/system_wrapper/export/system_wrapper/hw/system_wrapper.xsa'.
16:31:35 INFO  : 'configparams force-mem-access 1' command is executed.
16:31:35 INFO  : Context for 'APU' is selected.
16:31:35 INFO  : Sourcing of 'D:/FPGA/FPGA/qinrushi_vitis/gpio_mio/vitis/gpio_mio/_ide/psinit/ps7_init.tcl' is done.
16:31:35 INFO  : 'ps7_init' command is executed.
16:31:35 INFO  : 'ps7_post_config' command is executed.
16:31:35 INFO  : Context for processor 'ps7_cortexa9_0' is selected.
16:31:35 INFO  : The application 'D:/FPGA/FPGA/qinrushi_vitis/gpio_mio/vitis/gpio_mio/Debug/gpio_mio.elf' is downloaded to processor 'ps7_cortexa9_0'.
16:31:35 INFO  : 'configparams force-mem-access 0' command is executed.
16:31:35 INFO  : ----------------XSDB Script----------------
connect -url tcp:127.0.0.1:3121
targets -set -nocase -filter {name =~"APU*"}
rst -system
after 3000
targets -set -nocase -filter {name =~"APU*"}
loadhw -hw D:/FPGA/FPGA/qinrushi_vitis/gpio_mio/vitis/system_wrapper/export/system_wrapper/hw/system_wrapper.xsa -mem-ranges [list {0x40000000 0xbfffffff}] -regs
configparams force-mem-access 1
targets -set -nocase -filter {name =~"APU*"}
source D:/FPGA/FPGA/qinrushi_vitis/gpio_mio/vitis/gpio_mio/_ide/psinit/ps7_init.tcl
ps7_init
ps7_post_config
targets -set -nocase -filter {name =~ "*A9*#0"}
dow D:/FPGA/FPGA/qinrushi_vitis/gpio_mio/vitis/gpio_mio/Debug/gpio_mio.elf
configparams force-mem-access 0
----------------End of Script----------------

16:31:35 INFO  : Context for processor 'ps7_cortexa9_0' is selected.
16:31:35 INFO  : 'con' command is executed.
16:31:35 INFO  : ----------------XSDB Script (After Launch)----------------
targets -set -nocase -filter {name =~ "*A9*#0"}
con
----------------End of Script----------------

16:31:35 INFO  : Launch script is exported to file 'D:\FPGA\FPGA\qinrushi_vitis\gpio_mio\vitis\gpio_mio_system\_ide\scripts\debugger_gpio_mio-default.tcl'
16:33:38 INFO  : Disconnected from the channel tcfchan#2.
16:33:39 INFO  : Connected to target on host '127.0.0.1' and port '3121'.
16:33:39 INFO  : Jtag cable 'Digilent JTAG-HS1 210512180081' is selected.
16:33:39 INFO  : 'jtag frequency' command is executed.
16:33:39 INFO  : Context for 'APU' is selected.
16:33:39 INFO  : System reset is completed.
16:33:42 INFO  : 'after 3000' command is executed.
16:33:42 INFO  : Context for 'APU' is selected.
16:33:42 INFO  : Hardware design and registers information is loaded from 'D:/FPGA/FPGA/qinrushi_vitis/gpio_mio/vitis/system_wrapper/export/system_wrapper/hw/system_wrapper.xsa'.
16:33:42 INFO  : 'configparams force-mem-access 1' command is executed.
16:33:42 INFO  : Context for 'APU' is selected.
16:33:42 INFO  : Sourcing of 'D:/FPGA/FPGA/qinrushi_vitis/gpio_mio/vitis/gpio_mio/_ide/psinit/ps7_init.tcl' is done.
16:33:42 INFO  : 'ps7_init' command is executed.
16:33:42 INFO  : 'ps7_post_config' command is executed.
16:33:42 INFO  : Context for processor 'ps7_cortexa9_0' is selected.
16:33:43 INFO  : The application 'D:/FPGA/FPGA/qinrushi_vitis/gpio_mio/vitis/gpio_mio/Debug/gpio_mio.elf' is downloaded to processor 'ps7_cortexa9_0'.
16:33:43 INFO  : 'configparams force-mem-access 0' command is executed.
16:33:43 INFO  : ----------------XSDB Script----------------
connect -url tcp:127.0.0.1:3121
targets -set -nocase -filter {name =~"APU*"}
rst -system
after 3000
targets -set -nocase -filter {name =~"APU*"}
loadhw -hw D:/FPGA/FPGA/qinrushi_vitis/gpio_mio/vitis/system_wrapper/export/system_wrapper/hw/system_wrapper.xsa -mem-ranges [list {0x40000000 0xbfffffff}] -regs
configparams force-mem-access 1
targets -set -nocase -filter {name =~"APU*"}
source D:/FPGA/FPGA/qinrushi_vitis/gpio_mio/vitis/gpio_mio/_ide/psinit/ps7_init.tcl
ps7_init
ps7_post_config
targets -set -nocase -filter {name =~ "*A9*#0"}
dow D:/FPGA/FPGA/qinrushi_vitis/gpio_mio/vitis/gpio_mio/Debug/gpio_mio.elf
configparams force-mem-access 0
----------------End of Script----------------

16:33:43 INFO  : Context for processor 'ps7_cortexa9_0' is selected.
16:33:43 INFO  : 'con' command is executed.
16:33:43 INFO  : ----------------XSDB Script (After Launch)----------------
targets -set -nocase -filter {name =~ "*A9*#0"}
con
----------------End of Script----------------

16:33:43 INFO  : Launch script is exported to file 'D:\FPGA\FPGA\qinrushi_vitis\gpio_mio\vitis\gpio_mio_system\_ide\scripts\debugger_gpio_mio-default.tcl'
16:43:27 INFO  : Checking for BSP changes to sync application flags for project 'gpio_mio'...
16:44:16 INFO  : Disconnected from the channel tcfchan#3.
16:44:17 INFO  : Connected to target on host '127.0.0.1' and port '3121'.
16:44:17 INFO  : Jtag cable 'Digilent JTAG-HS1 210512180081' is selected.
16:44:17 INFO  : 'jtag frequency' command is executed.
16:44:17 INFO  : Context for 'APU' is selected.
16:44:18 INFO  : System reset is completed.
16:44:21 INFO  : 'after 3000' command is executed.
16:44:21 INFO  : Context for 'APU' is selected.
16:44:21 INFO  : Hardware design and registers information is loaded from 'D:/FPGA/FPGA/qinrushi_vitis/gpio_mio/vitis/system_wrapper/export/system_wrapper/hw/system_wrapper.xsa'.
16:44:21 INFO  : 'configparams force-mem-access 1' command is executed.
16:44:21 INFO  : Context for 'APU' is selected.
16:44:21 INFO  : Sourcing of 'D:/FPGA/FPGA/qinrushi_vitis/gpio_mio/vitis/gpio_mio/_ide/psinit/ps7_init.tcl' is done.
16:44:21 INFO  : 'ps7_init' command is executed.
16:44:21 INFO  : 'ps7_post_config' command is executed.
16:44:21 INFO  : Context for processor 'ps7_cortexa9_0' is selected.
16:44:21 INFO  : The application 'D:/FPGA/FPGA/qinrushi_vitis/gpio_mio/vitis/gpio_mio/Debug/gpio_mio.elf' is downloaded to processor 'ps7_cortexa9_0'.
16:44:21 INFO  : 'configparams force-mem-access 0' command is executed.
16:44:21 INFO  : ----------------XSDB Script----------------
connect -url tcp:127.0.0.1:3121
targets -set -nocase -filter {name =~"APU*"}
rst -system
after 3000
targets -set -nocase -filter {name =~"APU*"}
loadhw -hw D:/FPGA/FPGA/qinrushi_vitis/gpio_mio/vitis/system_wrapper/export/system_wrapper/hw/system_wrapper.xsa -mem-ranges [list {0x40000000 0xbfffffff}] -regs
configparams force-mem-access 1
targets -set -nocase -filter {name =~"APU*"}
source D:/FPGA/FPGA/qinrushi_vitis/gpio_mio/vitis/gpio_mio/_ide/psinit/ps7_init.tcl
ps7_init
ps7_post_config
targets -set -nocase -filter {name =~ "*A9*#0"}
dow D:/FPGA/FPGA/qinrushi_vitis/gpio_mio/vitis/gpio_mio/Debug/gpio_mio.elf
configparams force-mem-access 0
----------------End of Script----------------

16:44:21 INFO  : Context for processor 'ps7_cortexa9_0' is selected.
16:44:21 INFO  : 'con' command is executed.
16:44:21 INFO  : ----------------XSDB Script (After Launch)----------------
targets -set -nocase -filter {name =~ "*A9*#0"}
con
----------------End of Script----------------

16:44:21 INFO  : Launch script is exported to file 'D:\FPGA\FPGA\qinrushi_vitis\gpio_mio\vitis\gpio_mio_system\_ide\scripts\debugger_gpio_mio-default.tcl'
17:38:14 INFO  : Disconnected from the channel tcfchan#4.
