INFO-FLOW: Workspace D:/FPGA/FPGA/HLS/Vitis_HLS/led_twinkle_hls/solution1 opened at Sat Nov 29 23:13:52 +0800 2025
Execute     ap_set_clock -name default -period 10 -default=false 
INFO: [SYN 201-201] Setting up clock 'default' with a period of 10ns.
Execute     import_lib G:/vivado2/Vitis_HLS/2020.2/common/technology/xilinx/zynq/zynq 
Execute       source G:/vivado2/Vitis_HLS/2020.2/common/technology/xilinx/interface/xilinx_interface.hlp 
Execute         source G:/vivado2/Vitis_HLS/2020.2/common/technology/xilinx/interface/maxi.hlp 
Execute         source G:/vivado2/Vitis_HLS/2020.2/common/technology/xilinx/interface/saxilite.hlp 
Execute       source G:/vivado2/Vitis_HLS/2020.2/common/technology/xilinx/DSP48/dsp48.hlp 
Execute     source G:/vivado2/Vitis_HLS/2020.2/common/technology/xilinx/common/xilinx.gen 
Execute       source G:/vivado2/Vitis_HLS/2020.2/common/technology/xilinx/interface/plb46.gen 
Execute       source G:/vivado2/Vitis_HLS/2020.2/common/technology/xilinx/interface/axi4.gen 
Execute       source G:/vivado2/Vitis_HLS/2020.2/common/technology/xilinx/interface/nativeAXI4.gen 
Execute         source G:/vivado2/Vitis_HLS/2020.2/common/technology/xilinx/interface/saxilite.gen 
Execute         source G:/vivado2/Vitis_HLS/2020.2/common/technology/xilinx/interface/maxi.gen 
Execute       source G:/vivado2/Vitis_HLS/2020.2/common/technology/xilinx/scripts/xilinxcoregen.gen 
Execute       source G:/vivado2/Vitis_HLS/2020.2/common/technology/xilinx/interface/XilEDKCoreGen.gen 
Execute       source G:/vivado2/Vitis_HLS/2020.2/common/technology/xilinx/ip/dds_compiler.gen 
Execute       source G:/vivado2/Vitis_HLS/2020.2/common/technology/xilinx/ip/util.gen 
Execute       source G:/vivado2/Vitis_HLS/2020.2/common/technology/xilinx/ip/xfft.gen 
Command       ap_source done; 0.105 sec.
Execute       source G:/vivado2/Vitis_HLS/2020.2/common/technology/xilinx/ip/xfir.gen 
Execute       source G:/vivado2/Vitis_HLS/2020.2/common/technology/xilinx/DSP48/dsp48.gen 
Command     ap_source done; 0.159 sec.
Execute     import_lib G:/vivado2/Vitis_HLS/2020.2/common/technology/xilinx/zynq/zynq_fpv6 
Execute       source G:/vivado2/Vitis_HLS/2020.2/common/technology/xilinx/interface/xilinx_interface.hlp 
Execute         source G:/vivado2/Vitis_HLS/2020.2/common/technology/xilinx/interface/maxi.hlp 
Execute         source G:/vivado2/Vitis_HLS/2020.2/common/technology/xilinx/interface/saxilite.hlp 
Execute       source G:/vivado2/Vitis_HLS/2020.2/common/technology/xilinx/DSP48/dsp48.hlp 
Execute     source G:/vivado2/Vitis_HLS/2020.2/common/technology/xilinx/common/xilinx.gen 
Execute       source G:/vivado2/Vitis_HLS/2020.2/common/technology/xilinx/interface/plb46.gen 
Execute       source G:/vivado2/Vitis_HLS/2020.2/common/technology/xilinx/interface/axi4.gen 
Execute       source G:/vivado2/Vitis_HLS/2020.2/common/technology/xilinx/interface/nativeAXI4.gen 
Execute         source G:/vivado2/Vitis_HLS/2020.2/common/technology/xilinx/interface/saxilite.gen 
Execute         source G:/vivado2/Vitis_HLS/2020.2/common/technology/xilinx/interface/maxi.gen 
Execute       source G:/vivado2/Vitis_HLS/2020.2/common/technology/xilinx/scripts/xilinxcoregen.gen 
Execute       source G:/vivado2/Vitis_HLS/2020.2/common/technology/xilinx/interface/XilEDKCoreGen.gen 
Execute       source G:/vivado2/Vitis_HLS/2020.2/common/technology/xilinx/ip/dds_compiler.gen 
Execute       source G:/vivado2/Vitis_HLS/2020.2/common/technology/xilinx/ip/util.gen 
Execute       source G:/vivado2/Vitis_HLS/2020.2/common/technology/xilinx/ip/xfft.gen 
Execute       source G:/vivado2/Vitis_HLS/2020.2/common/technology/xilinx/ip/xfir.gen 
Execute       source G:/vivado2/Vitis_HLS/2020.2/common/technology/xilinx/DSP48/dsp48.gen 
Command     ap_source done; 0.134 sec.
Execute     import_lib G:/vivado2/Vitis_HLS/2020.2/common/technology/xilinx/zynq/zynq 
Execute       source G:/vivado2/Vitis_HLS/2020.2/common/technology/xilinx/interface/xilinx_interface.hlp 
Execute         source G:/vivado2/Vitis_HLS/2020.2/common/technology/xilinx/interface/maxi.hlp 
Execute         source G:/vivado2/Vitis_HLS/2020.2/common/technology/xilinx/interface/saxilite.hlp 
Execute       source G:/vivado2/Vitis_HLS/2020.2/common/technology/xilinx/DSP48/dsp48.hlp 
Execute     source G:/vivado2/Vitis_HLS/2020.2/common/technology/xilinx/common/xilinx.gen 
Execute       source G:/vivado2/Vitis_HLS/2020.2/common/technology/xilinx/interface/plb46.gen 
Execute       source G:/vivado2/Vitis_HLS/2020.2/common/technology/xilinx/interface/axi4.gen 
Execute       source G:/vivado2/Vitis_HLS/2020.2/common/technology/xilinx/interface/nativeAXI4.gen 
Execute         source G:/vivado2/Vitis_HLS/2020.2/common/technology/xilinx/interface/saxilite.gen 
Execute         source G:/vivado2/Vitis_HLS/2020.2/common/technology/xilinx/interface/maxi.gen 
Execute       source G:/vivado2/Vitis_HLS/2020.2/common/technology/xilinx/scripts/xilinxcoregen.gen 
Execute       source G:/vivado2/Vitis_HLS/2020.2/common/technology/xilinx/interface/XilEDKCoreGen.gen 
Execute       source G:/vivado2/Vitis_HLS/2020.2/common/technology/xilinx/ip/dds_compiler.gen 
Execute       source G:/vivado2/Vitis_HLS/2020.2/common/technology/xilinx/ip/util.gen 
Execute       source G:/vivado2/Vitis_HLS/2020.2/common/technology/xilinx/ip/xfft.gen 
Execute       source G:/vivado2/Vitis_HLS/2020.2/common/technology/xilinx/ip/xfir.gen 
Execute       source G:/vivado2/Vitis_HLS/2020.2/common/technology/xilinx/DSP48/dsp48.gen 
Command     ap_source done; 0.139 sec.
Execute     set_part xc7z010-clg400-1 
INFO-FLOW: DBG:set_part: XILINX_VIVADO=G:/vivado2/Vivado/2020.2
INFO-FLOW: DBG:set_part: RDI_DATADIR=G:/vivado2/Vivado/2020.2/data;G:/vivado2/Vitis_HLS/2020.2/data
Execute       ap_part_info -name xc7z010-clg400-1 -data single -quiet 
DBG:HLSDevice: Trying to load device library: G:/vivado2/Vitis_HLS/2020.2\lib\win64.o\librdi_hlsvwrap.dll
DBG:HLSDevice: first parts/arch.xml in RDI_DATADIR: G:/vivado2/Vivado/2020.2/data/parts/arch.xml
Command       ap_part_info done; 0.408 sec.
Execute       ap_part_info -name xc7z010-clg400-1 -data info 
Execute       add_library xilinx/zynq/zynq:xc7z010:-clg400:-1 
Execute         get_default_platform 
Execute         open_platform DefaultPlatform 
Execute         ap_part_info -data single -name xc7z010-clg400-1 
Execute         ap_part_info -name xc7z010-clg400-1 -data resources 
Execute         config_chip_info -resource {SLICE 4400} {LUT 17600} {FF 35200} {DSP 80} {BRAM 120} {URAM 0} 
Execute         ap_part_info -name xc7z010-clg400-1 -data info 
Execute         config_chip_info -speed slow 
Execute         ap_part_info -name xc7z010-clg400-1 -data info 
Execute         config_library_info -library zynq_slow 
Execute         config_library_info -family zynq 
Execute         config_library_info -part xc7z010:-clg400:-1 
Execute         import_lib G:/vivado2/Vitis_HLS/2020.2/common/technology/xilinx/zynq/zynq 
Execute           source G:/vivado2/Vitis_HLS/2020.2/common/technology/xilinx/interface/xilinx_interface.hlp 
Execute             source G:/vivado2/Vitis_HLS/2020.2/common/technology/xilinx/interface/maxi.hlp 
Execute             source G:/vivado2/Vitis_HLS/2020.2/common/technology/xilinx/interface/saxilite.hlp 
Execute           source G:/vivado2/Vitis_HLS/2020.2/common/technology/xilinx/DSP48/dsp48.hlp 
Execute           source G:/vivado2/Vitis_HLS/2020.2/common/technology/xilinx/DSP48/zynq_dsp48e1.hlp 
Execute         source G:/vivado2/Vitis_HLS/2020.2/common/technology/xilinx/common/xilinx.gen 
Execute           source G:/vivado2/Vitis_HLS/2020.2/common/technology/xilinx/interface/plb46.gen 
Execute           source G:/vivado2/Vitis_HLS/2020.2/common/technology/xilinx/interface/axi4.gen 
Execute           source G:/vivado2/Vitis_HLS/2020.2/common/technology/xilinx/interface/nativeAXI4.gen 
Execute             source G:/vivado2/Vitis_HLS/2020.2/common/technology/xilinx/interface/saxilite.gen 
Execute             source G:/vivado2/Vitis_HLS/2020.2/common/technology/xilinx/interface/maxi.gen 
Execute           source G:/vivado2/Vitis_HLS/2020.2/common/technology/xilinx/scripts/xilinxcoregen.gen 
Execute           source G:/vivado2/Vitis_HLS/2020.2/common/technology/xilinx/interface/XilEDKCoreGen.gen 
Execute           source G:/vivado2/Vitis_HLS/2020.2/common/technology/xilinx/ip/dds_compiler.gen 
Execute           source G:/vivado2/Vitis_HLS/2020.2/common/technology/xilinx/ip/util.gen 
Execute           source G:/vivado2/Vitis_HLS/2020.2/common/technology/xilinx/ip/xfft.gen 
Execute           source G:/vivado2/Vitis_HLS/2020.2/common/technology/xilinx/ip/xfir.gen 
Execute           source G:/vivado2/Vitis_HLS/2020.2/common/technology/xilinx/DSP48/dsp48.gen 
Command         ap_source done; 0.137 sec.
Command       add_library done; 0.228 sec.
INFO: [HLS 200-10] Setting target device to 'xc7z010-clg400-1'
Execute       ap_part_info -name xc7z010-clg400-1 -data info 
Execute       config_compile -quiet -complex-mul-dsp=0 
Command     set_part done; 0.654 sec.
Execute     ap_part_info -data single -name xc7z010-clg400-1 
Execute     ap_part_info -name xc7z010-clg400-1 -data resources 
Execute     config_chip_info -resource {SLICE 4400} {LUT 17600} {FF 35200} {DSP 80} {BRAM 120} {URAM 0} 
Execute     ap_part_info -name xc7z010-clg400-1 -data info 
Execute     config_chip_info -speed slow 
Execute     send_msg_by_id INFO @200-1505@%s%s  vivado 
INFO: [HLS 200-1505] Using flow_target 'vivado'
Execute     get_config_interface -m_axi_latency 
Execute     get_config_interface -m_axi_alignment_byte_size 
Execute     get_config_interface -m_axi_max_widen_bitwidth 
Execute     get_config_interface -default_interface 
Execute     get_config_interface -m_axi_offset 
Execute     get_config_rtl -register_reset_num 
Command   open_solution done; 1.189 sec.
Execute   set_part xc7z010clg400-1 
INFO: [HLS 200-1510] Running: set_part xc7z010clg400-1 
INFO-FLOW: DBG:set_part: XILINX_VIVADO=G:/vivado2/Vivado/2020.2
INFO-FLOW: DBG:set_part: RDI_DATADIR=G:/vivado2/Vivado/2020.2/data;G:/vivado2/Vitis_HLS/2020.2/data
Execute     ap_part_info -name xc7z010clg400-1 -data single -quiet 
Execute     ap_part_info -name xc7z010clg400-1 -data info 
Execute     add_library xilinx/zynq/zynq:xc7z010:-clg400:-1 
Execute       get_default_platform 
Execute       open_platform DefaultPlatform 
Execute       ap_part_info -data single -name xc7z010-clg400-1 
Execute       ap_part_info -name xc7z010-clg400-1 -data resources 
Execute       config_chip_info -resource {SLICE 4400} {LUT 17600} {FF 35200} {DSP 80} {BRAM 120} {URAM 0} 
Execute       ap_part_info -name xc7z010-clg400-1 -data info 
Execute       config_chip_info -speed slow 
Execute       ap_part_info -name xc7z010-clg400-1 -data info 
Execute       config_library_info -library zynq_slow 
Execute       config_library_info -family zynq 
Execute       config_library_info -part xc7z010:-clg400:-1 
Execute       import_lib G:/vivado2/Vitis_HLS/2020.2/common/technology/xilinx/zynq/zynq 
Execute         source G:/vivado2/Vitis_HLS/2020.2/common/technology/xilinx/interface/xilinx_interface.hlp 
Execute           source G:/vivado2/Vitis_HLS/2020.2/common/technology/xilinx/interface/maxi.hlp 
Execute           source G:/vivado2/Vitis_HLS/2020.2/common/technology/xilinx/interface/saxilite.hlp 
Execute         source G:/vivado2/Vitis_HLS/2020.2/common/technology/xilinx/DSP48/dsp48.hlp 
Execute         source G:/vivado2/Vitis_HLS/2020.2/common/technology/xilinx/DSP48/zynq_dsp48e1.hlp 
Execute       source G:/vivado2/Vitis_HLS/2020.2/common/technology/xilinx/common/xilinx.gen 
Execute         source G:/vivado2/Vitis_HLS/2020.2/common/technology/xilinx/interface/plb46.gen 
Execute         source G:/vivado2/Vitis_HLS/2020.2/common/technology/xilinx/interface/axi4.gen 
Execute         source G:/vivado2/Vitis_HLS/2020.2/common/technology/xilinx/interface/nativeAXI4.gen 
Execute           source G:/vivado2/Vitis_HLS/2020.2/common/technology/xilinx/interface/saxilite.gen 
Execute           source G:/vivado2/Vitis_HLS/2020.2/common/technology/xilinx/interface/maxi.gen 
Execute         source G:/vivado2/Vitis_HLS/2020.2/common/technology/xilinx/scripts/xilinxcoregen.gen 
Execute         source G:/vivado2/Vitis_HLS/2020.2/common/technology/xilinx/interface/XilEDKCoreGen.gen 
Execute         source G:/vivado2/Vitis_HLS/2020.2/common/technology/xilinx/ip/dds_compiler.gen 
Execute         source G:/vivado2/Vitis_HLS/2020.2/common/technology/xilinx/ip/util.gen 
Execute         source G:/vivado2/Vitis_HLS/2020.2/common/technology/xilinx/ip/xfft.gen 
Execute         source G:/vivado2/Vitis_HLS/2020.2/common/technology/xilinx/ip/xfir.gen 
Execute         source G:/vivado2/Vitis_HLS/2020.2/common/technology/xilinx/DSP48/dsp48.gen 
Command       ap_source done; 0.142 sec.
Command     add_library done; 0.175 sec.
Execute     ap_part_info -name xc7z010-clg400-1 -data info 
Execute     config_compile -quiet -complex-mul-dsp=0 
Command   set_part done; 0.199 sec.
Execute   create_clock -period 10 -name default 
INFO: [HLS 200-1510] Running: create_clock -period 10 -name default 
Execute   csynth_design 
INFO: [HLS 200-1510] Running: csynth_design 
Execute     get_config_compile -effort 
Execute     get_config_compile -enable_clang39 
Execute     get_config_compile -g 
Execute     get_config_compile -ng 
Execute     get_config_compile -opt_fp 
Execute     get_config_compile -skip_cdt 
Execute     get_config_compile -skip_syncheck 
Execute     get_config_compile -skip_transform 
Execute     get_config_compile -keep_printf 
Execute     elaborate -effort=medium -skip_syncheck=0 -keep_printf=0 -skip_cdt=0 -skip_transform=0 -ng=0 -g=0 -opt_fp=0 -from_csynth_design=1 
INFO: [HLS 200-111] Finished File checks and directory preparation: CPU user time: 0 seconds. CPU system time: 0 seconds. Elapsed time: 0.052 seconds; current allocated memory: 870.091 MB.
INFO: [HLS 200-10] Analyzing design file 'led_twinkle_hls/src/led_winkle.cpp' ... 
INFO-FLOW: Compiling one TU...
Execute       get_config_compile -pragma_strict_mode 
INFO-FLOW: Handling led_twinkle_hls/src/led_winkle.cpp as C++
Execute       ap_part_info -name xc7z010-clg400-1 -data info 
INFO-FLOW: Running: GCC PP 39
INFO-FLOW: Source preprocessing
Execute       ap_eval exec -ignorestderr G:/vivado2/Vitis_HLS/2020.2/win64/tools/clang-3.9-csynth/bin/clang led_twinkle_hls/src/led_winkle.cpp -foptimization-record-file=D:/FPGA/FPGA/HLS/Vitis_HLS/led_twinkle_hls/solution1/.autopilot/db/clang.led_winkle.cpp.diag.yml -mllvm -pass-remarks-missed=reflow|pasta|unroll -mllvm -pass-remarks=reflow|pasta|unroll|inline -fno-limit-debug-info --sysroot G:/vivado2/Vitis_HLS/2020.2/tps/mingw/6.2.0/win64.o/nt -fhls -fno-exceptions -E -fno-math-errno -c -emit-llvm -mllvm -disable-llvm-optzns -Werror=implicit-function-declaration -Werror=implicit-hls-streams -Werror=return-type -Wpragmas -Wunused-parameter -fno-threadsafe-statics -fno-use-cxa-atexit -std=gnu++14 -target fpga64-xilinx-mingw32 -fno-threadsafe-statics -fno-use-cxa-atexit -I G:/vivado2/Vitis_HLS/2020.2/common/technology/autopilot/39 -D__VITIS_HLS__ -DAESL_SYN -D__SYNTHESIS__ -D__HLS_SYN__ -I G:/vivado2/Vitis_HLS/2020.2/common/technology/autopilot -I G:/vivado2/Vitis_HLS/2020.2/common/technology/autopilot/ap_sysc -include etc/autopilot_ssdm_op.h -D__DSP48E1__ -o D:/FPGA/FPGA/HLS/Vitis_HLS/led_twinkle_hls/solution1/.autopilot/db/led_winkle.pp.0.cpp > D:/FPGA/FPGA/HLS/Vitis_HLS/led_twinkle_hls/solution1/.autopilot/db/clang.led_winkle.cpp.out.log 2> D:/FPGA/FPGA/HLS/Vitis_HLS/led_twinkle_hls/solution1/.autopilot/db/clang.led_winkle.cpp.err.log 
Command       ap_eval done; 0.191 sec.
INFO-FLOW: Done: GCC PP 39 time: 0.2 seconds per iteration
Execute       set_directive_top led_winkle -name=led_winkle 
INFO-FLOW: Setting directive 'TOP' name=led_winkle 
INFO-FLOW: Setting directive 'TOP' name=led_winkle 
Execute       source G:/vivado2/Vitis_HLS/2020.2/tps/tcl/tcllib1.11.1/yaml/huddle.tcl 
Execute       source G:/vivado2/Vitis_HLS/2020.2/tps/tcl/tcllib1.11.1/yaml/json2huddle.tcl 
Execute         source G:/vivado2/Vitis_HLS/2020.2/tps/tcl/tcllib1.11.1/try/try.tcl 
INFO-FLOW: Setting directive 'TOP' name=led_winkle 
Execute       list_core -type functional_unit 
Execute       clang_tidy xilinx-systemc-detector D:/FPGA/FPGA/HLS/Vitis_HLS/led_twinkle_hls/solution1/.autopilot/db/led_winkle.pp.0.cpp std=gnu++14 -target fpga  -directive=D:/FPGA/FPGA/HLS/Vitis_HLS/led_twinkle_hls/solution1/.autopilot/db/.systemc_flag 
INFO-FLOW: exec G:/vivado2/Vitis_HLS/2020.2/win64/tools/clang-3.9-csynth/bin/clang-tidy -header-filter=.* --checks=-*,xilinx-systemc-detector -import-directive=D:/FPGA/FPGA/HLS/Vitis_HLS/led_twinkle_hls/solution1/.autopilot/db/.systemc_flag -fix-errors D:/FPGA/FPGA/HLS/Vitis_HLS/led_twinkle_hls/solution1/.autopilot/db/led_winkle.pp.0.cpp -- -std=gnu++14 -target fpga -fhls -ferror-limit=0
Command       clang_tidy done; 0.447 sec.
INFO-FLOW: Running: clang-tidy CDT preprocess 39
Execute       clang_tidy xilinx-directive2pragma D:/FPGA/FPGA/HLS/Vitis_HLS/led_twinkle_hls/solution1/.autopilot/db/led_winkle.pp.0.cpp std=gnu++14 -target fpga  -directive=D:/FPGA/FPGA/HLS/Vitis_HLS/led_twinkle_hls/solution1/.autopilot/db/all.directive.json 
INFO-FLOW: exec G:/vivado2/Vitis_HLS/2020.2/win64/tools/clang-3.9-csynth/bin/clang-tidy -header-filter=.* --checks=-*,xilinx-directive2pragma -import-directive=D:/FPGA/FPGA/HLS/Vitis_HLS/led_twinkle_hls/solution1/.autopilot/db/all.directive.json -fix-errors D:/FPGA/FPGA/HLS/Vitis_HLS/led_twinkle_hls/solution1/.autopilot/db/led_winkle.pp.0.cpp -- -std=gnu++14 -target fpga -fhls -ferror-limit=0
Command       clang_tidy done; 0.747 sec.
Execute       clang_tidy xilinx-constantarray-param,xilinx-remove-assert D:/FPGA/FPGA/HLS/Vitis_HLS/led_twinkle_hls/solution1/.autopilot/db/led_winkle.pp.0.cpp std=gnu++14 -target fpga  
INFO-FLOW: exec G:/vivado2/Vitis_HLS/2020.2/win64/tools/clang-3.9-csynth/bin/clang-tidy -header-filter=.* --checks=-*,xilinx-constantarray-param,xilinx-remove-assert -fix-errors D:/FPGA/FPGA/HLS/Vitis_HLS/led_twinkle_hls/solution1/.autopilot/db/led_winkle.pp.0.cpp -- -std=gnu++14 -target fpga -fhls -ferror-limit=0
Command       clang_tidy done; 0.555 sec.
INFO-FLOW: Done: clang-tidy CDT preprocess 39 time: 1.3 seconds per iteration
INFO-FLOW: Calling xilinx-label-all-loops ... 
Execute       clang_tidy -errorcheck xilinx-label-all-loops,xilinx-top-parameters,xilinx-array-stream-check,xilinx-warn-mayneed-no-ctor-attribute D:/FPGA/FPGA/HLS/Vitis_HLS/led_twinkle_hls/solution1/.autopilot/db/led_winkle.pp.0.cpp std=gnu++14 -target fpga  
Execute         ap_eval exec -ignorestderr G:/vivado2/Vitis_HLS/2020.2/win64/tools/clang-3.9-csynth/bin/clang-tidy -export-fixes=D:/FPGA/FPGA/HLS/Vitis_HLS/led_twinkle_hls/solution1/.autopilot/db/clang-tidy.led_winkle.pp.0.cpp.diag.yml -header-filter=.* --checks=-*,xilinx-label-all-loops,xilinx-top-parameters,xilinx-array-stream-check,xilinx-warn-mayneed-no-ctor-attribute -fix-errors D:/FPGA/FPGA/HLS/Vitis_HLS/led_twinkle_hls/solution1/.autopilot/db/led_winkle.pp.0.cpp -- -std=gnu++14 -target fpga -fhls -ferror-limit=0 > D:/FPGA/FPGA/HLS/Vitis_HLS/led_twinkle_hls/solution1/.autopilot/db/clang-tidy.led_winkle.pp.0.cpp.out.log 2> D:/FPGA/FPGA/HLS/Vitis_HLS/led_twinkle_hls/solution1/.autopilot/db/clang-tidy.led_winkle.pp.0.cpp.err.log 
Command         ap_eval done; 1.025 sec.
Execute         source G:/vivado2/Vitis_HLS/2020.2/tps/tcl/tcllib1.11.1/yaml/yaml.tcl 
Execute           source G:/vivado2/Vitis_HLS/2020.2/tps/tcl/tcllib1.11.1/cmdline/cmdline.tcl 
Command       clang_tidy done; 1.078 sec.
Execute       get_config_dataflow -strict_mode 
Execute       ap_eval exec -ignorestderr G:/vivado2/Vitis_HLS/2020.2/win64/tools/clang-3.9-csynth/bin/xilinx-dataflow-lawyer -export-fixes=D:/FPGA/FPGA/HLS/Vitis_HLS/led_twinkle_hls/solution1/.autopilot/db/xilinx-dataflow-lawyer.led_winkle.pp.0.cpp.diag.yml D:/FPGA/FPGA/HLS/Vitis_HLS/led_twinkle_hls/solution1/.autopilot/db/led_winkle.pp.0.cpp -- -std=gnu++14 -target fpga -fhls -ferror-limit=0 -fstrict-dataflow > D:/FPGA/FPGA/HLS/Vitis_HLS/led_twinkle_hls/solution1/.autopilot/db/xilinx-dataflow-lawyer.led_winkle.pp.0.cpp.out.log 2> D:/FPGA/FPGA/HLS/Vitis_HLS/led_twinkle_hls/solution1/.autopilot/db/xilinx-dataflow-lawyer.led_winkle.pp.0.cpp.err.log 
Command       ap_eval done; 0.436 sec.
Execute       ap_part_info -name xc7z010-clg400-1 -data info 
INFO-FLOW: compiling source code to llvm bc
Execute       ap_eval exec -ignorestderr G:/vivado2/Vitis_HLS/2020.2/win64/tools/clang-3.9-csynth/bin/clang -foptimization-record-file=D:/FPGA/FPGA/HLS/Vitis_HLS/led_twinkle_hls/solution1/.autopilot/db/clang.led_winkle.pp.0.cpp.diag.yml -mllvm -pass-remarks-missed=reflow|pasta|unroll -mllvm -pass-remarks=reflow|pasta|unroll|inline -fno-limit-debug-info -fhls -flto -fno-exceptions -Wno-error=c++11-narrowing D:/FPGA/FPGA/HLS/Vitis_HLS/led_twinkle_hls/solution1/.autopilot/db/led_winkle.pp.0.cpp -fno-math-errno -c -emit-llvm -mllvm -disable-llvm-optzns -Werror=implicit-function-declaration -Werror=implicit-hls-streams -Werror=return-type -Wpragmas -Wunused-parameter -fno-threadsafe-statics -fno-use-cxa-atexit -std=gnu++14 -target fpga64-xilinx-linux-gnu -D__VITIS_HLS__ -DAESL_SYN -D__SYNTHESIS__ -D__HLS_SYN__ -I G:/vivado2/Vitis_HLS/2020.2/common/technology/autopilot -I G:/vivado2/Vitis_HLS/2020.2/common/technology/autopilot/ap_sysc -include etc/autopilot_ssdm_op.h -D__DSP48E1__ -g -o D:/FPGA/FPGA/HLS/Vitis_HLS/led_twinkle_hls/solution1/.autopilot/db/led_winkle.bc > D:/FPGA/FPGA/HLS/Vitis_HLS/led_twinkle_hls/solution1/.autopilot/db/clang.led_winkle.pp.0.cpp.out.log 2> D:/FPGA/FPGA/HLS/Vitis_HLS/led_twinkle_hls/solution1/.autopilot/db/clang.led_winkle.pp.0.cpp.err.log 
Command       ap_eval done; 0.497 sec.
INFO: [HLS 200-111] Finished Source Code Analysis and Preprocessing: CPU user time: 2 seconds. CPU system time: 0 seconds. Elapsed time: 4.064 seconds; current allocated memory: 91.839 MB.
INFO-FLOW: Linking Debug ...
INFO-FLOW: Linking dut bc code.
Execute       run_link_or_opt -out D:/FPGA/FPGA/HLS/Vitis_HLS/led_twinkle_hls/solution1/.autopilot/db/a.g.ld.0.bc -args  "D:/FPGA/FPGA/HLS/Vitis_HLS/led_twinkle_hls/solution1/.autopilot/db/led_winkle.g.bc"  
Execute         ap_eval exec -ignorestderr G:/vivado2/Vitis_HLS/2020.2/win64/tools/clang-3.9-csynth/bin/llvm-link D:/FPGA/FPGA/HLS/Vitis_HLS/led_twinkle_hls/solution1/.autopilot/db/led_winkle.g.bc -o D:/FPGA/FPGA/HLS/Vitis_HLS/led_twinkle_hls/solution1/.autopilot/db/a.g.ld.0.bc > D:/FPGA/FPGA/HLS/Vitis_HLS/led_twinkle_hls/solution1/.autopilot/db/llvm-link.a.g.ld.0.bc.out.log 2> D:/FPGA/FPGA/HLS/Vitis_HLS/led_twinkle_hls/solution1/.autopilot/db/llvm-link.a.g.ld.0.bc.err.log 
INFO-FLOW: 
Execute       run_link_or_opt -opt -out D:/FPGA/FPGA/HLS/Vitis_HLS/led_twinkle_hls/solution1/.autopilot/db/a.g.ld.1.lower.bc -args D:/FPGA/FPGA/HLS/Vitis_HLS/led_twinkle_hls/solution1/.autopilot/db/a.g.ld.0.bc -reflow-lower-math-intrinsics 
Execute         ap_eval exec -ignorestderr G:/vivado2/Vitis_HLS/2020.2/win64/tools/clang-3.9-csynth/bin/opt -pass-remarks-missed=reflow|pasta|unroll -pass-remarks=reflow|pasta|unroll|inline -pass-remarks-output=D:/FPGA/FPGA/HLS/Vitis_HLS/led_twinkle_hls/solution1/.autopilot/db/opt.a.g.ld.1.lower.bc.diag.yml D:/FPGA/FPGA/HLS/Vitis_HLS/led_twinkle_hls/solution1/.autopilot/db/a.g.ld.0.bc -reflow-lower-math-intrinsics -o D:/FPGA/FPGA/HLS/Vitis_HLS/led_twinkle_hls/solution1/.autopilot/db/a.g.ld.1.lower.bc > D:/FPGA/FPGA/HLS/Vitis_HLS/led_twinkle_hls/solution1/.autopilot/db/opt.a.g.ld.1.lower.bc.out.log 2> D:/FPGA/FPGA/HLS/Vitis_HLS/led_twinkle_hls/solution1/.autopilot/db/opt.a.g.ld.1.lower.bc.err.log 
INFO-FLOW: 
INFO-FLOW: Linking math bc lib
Execute       run_link_or_opt -out D:/FPGA/FPGA/HLS/Vitis_HLS/led_twinkle_hls/solution1/.autopilot/db/a.g.ld.2.m1.bc -args D:/FPGA/FPGA/HLS/Vitis_HLS/led_twinkle_hls/solution1/.autopilot/db/a.g.ld.1.lower.bc -only-needed G:/vivado2/Vitis_HLS/2020.2/win64/lib/libhlsm_39.bc G:/vivado2/Vitis_HLS/2020.2/win64/lib/libhlsmc++_39.bc 
Execute         ap_eval exec -ignorestderr G:/vivado2/Vitis_HLS/2020.2/win64/tools/clang-3.9-csynth/bin/llvm-link D:/FPGA/FPGA/HLS/Vitis_HLS/led_twinkle_hls/solution1/.autopilot/db/a.g.ld.1.lower.bc -only-needed G:/vivado2/Vitis_HLS/2020.2/win64/lib/libhlsm_39.bc G:/vivado2/Vitis_HLS/2020.2/win64/lib/libhlsmc++_39.bc -o D:/FPGA/FPGA/HLS/Vitis_HLS/led_twinkle_hls/solution1/.autopilot/db/a.g.ld.2.m1.bc > D:/FPGA/FPGA/HLS/Vitis_HLS/led_twinkle_hls/solution1/.autopilot/db/llvm-link.a.g.ld.2.m1.bc.out.log 2> D:/FPGA/FPGA/HLS/Vitis_HLS/led_twinkle_hls/solution1/.autopilot/db/llvm-link.a.g.ld.2.m1.bc.err.log 
Command         ap_eval done; 2.998 sec.
INFO-FLOW: 
Command       run_link_or_opt done; 3 sec.
Execute       run_link_or_opt -opt -out D:/FPGA/FPGA/HLS/Vitis_HLS/led_twinkle_hls/solution1/.autopilot/db/a.g.ld.3.fpc.bc -args D:/FPGA/FPGA/HLS/Vitis_HLS/led_twinkle_hls/solution1/.autopilot/db/a.g.ld.2.m1.bc -reflow-globaldce -hls-top-function-name=led_winkle -reflow-float-conversion 
Execute         ap_eval exec -ignorestderr G:/vivado2/Vitis_HLS/2020.2/win64/tools/clang-3.9-csynth/bin/opt -pass-remarks-missed=reflow|pasta|unroll -pass-remarks=reflow|pasta|unroll|inline -pass-remarks-output=D:/FPGA/FPGA/HLS/Vitis_HLS/led_twinkle_hls/solution1/.autopilot/db/opt.a.g.ld.3.fpc.bc.diag.yml D:/FPGA/FPGA/HLS/Vitis_HLS/led_twinkle_hls/solution1/.autopilot/db/a.g.ld.2.m1.bc -reflow-globaldce -hls-top-function-name=led_winkle -reflow-float-conversion -o D:/FPGA/FPGA/HLS/Vitis_HLS/led_twinkle_hls/solution1/.autopilot/db/a.g.ld.3.fpc.bc > D:/FPGA/FPGA/HLS/Vitis_HLS/led_twinkle_hls/solution1/.autopilot/db/opt.a.g.ld.3.fpc.bc.out.log 2> D:/FPGA/FPGA/HLS/Vitis_HLS/led_twinkle_hls/solution1/.autopilot/db/opt.a.g.ld.3.fpc.bc.err.log 
Command         ap_eval done; 1.24 sec.
INFO-FLOW: 
Command       run_link_or_opt done; 1.243 sec.
Execute       run_link_or_opt -out D:/FPGA/FPGA/HLS/Vitis_HLS/led_twinkle_hls/solution1/.autopilot/db/a.g.ld.4.m2.bc -args D:/FPGA/FPGA/HLS/Vitis_HLS/led_twinkle_hls/solution1/.autopilot/db/a.g.ld.3.fpc.bc -only-needed G:/vivado2/Vitis_HLS/2020.2/win64/lib/libfloatconversion_39.bc 
Execute         ap_eval exec -ignorestderr G:/vivado2/Vitis_HLS/2020.2/win64/tools/clang-3.9-csynth/bin/llvm-link D:/FPGA/FPGA/HLS/Vitis_HLS/led_twinkle_hls/solution1/.autopilot/db/a.g.ld.3.fpc.bc -only-needed G:/vivado2/Vitis_HLS/2020.2/win64/lib/libfloatconversion_39.bc -o D:/FPGA/FPGA/HLS/Vitis_HLS/led_twinkle_hls/solution1/.autopilot/db/a.g.ld.4.m2.bc > D:/FPGA/FPGA/HLS/Vitis_HLS/led_twinkle_hls/solution1/.autopilot/db/llvm-link.a.g.ld.4.m2.bc.out.log 2> D:/FPGA/FPGA/HLS/Vitis_HLS/led_twinkle_hls/solution1/.autopilot/db/llvm-link.a.g.ld.4.m2.bc.err.log 
Command         ap_eval done; 0.389 sec.
INFO-FLOW: 
Command       run_link_or_opt done; 0.392 sec.
Execute       run_link_or_opt -opt -out D:/FPGA/FPGA/HLS/Vitis_HLS/led_twinkle_hls/solution1/.autopilot/db/a.g.ld.5.gdce.bc -args D:/FPGA/FPGA/HLS/Vitis_HLS/led_twinkle_hls/solution1/.autopilot/db/a.g.ld.4.m2.bc -reflow-globaldce -hls-top-function-name=led_winkle 
Execute         ap_eval exec -ignorestderr G:/vivado2/Vitis_HLS/2020.2/win64/tools/clang-3.9-csynth/bin/opt -pass-remarks-missed=reflow|pasta|unroll -pass-remarks=reflow|pasta|unroll|inline -pass-remarks-output=D:/FPGA/FPGA/HLS/Vitis_HLS/led_twinkle_hls/solution1/.autopilot/db/opt.a.g.ld.5.gdce.bc.diag.yml D:/FPGA/FPGA/HLS/Vitis_HLS/led_twinkle_hls/solution1/.autopilot/db/a.g.ld.4.m2.bc -reflow-globaldce -hls-top-function-name=led_winkle -o D:/FPGA/FPGA/HLS/Vitis_HLS/led_twinkle_hls/solution1/.autopilot/db/a.g.ld.5.gdce.bc > D:/FPGA/FPGA/HLS/Vitis_HLS/led_twinkle_hls/solution1/.autopilot/db/opt.a.g.ld.5.gdce.bc.out.log 2> D:/FPGA/FPGA/HLS/Vitis_HLS/led_twinkle_hls/solution1/.autopilot/db/opt.a.g.ld.5.gdce.bc.err.log 
INFO-FLOW: 
Execute       get_solution -flow_target 
Execute       get_config_export -xo 
Execute       get_config_export -format 
Execute       get_config_rtl -module_prefix 
Execute       get_config_interface -default_slave_interface 
Execute       get_solution -flow_target 
Execute       get_config_export -xo 
Execute       get_config_export -format 
Execute       get_config_interface -m_axi_offset 
Execute       get_config_interface -m_axi_latency 
Execute       get_config_interface -m_axi_alignment_byte_size 
Execute       get_config_interface -m_axi_min_bitwidth 
Execute       get_config_interface -m_axi_max_bitwidth 
Execute       get_config_interface -m_axi_max_widen_bitwidth 
Execute       get_config_interface -m_axi_num_read_outstanding 
Execute       get_config_interface -m_axi_num_write_outstanding 
Execute       get_config_interface -m_axi_max_read_burst_length 
Execute       get_config_interface -m_axi_max_write_burst_length 
Execute       get_config_interface -m_axi_min_bitwidth 
Execute       get_config_interface -m_axi_max_bitwidth 
Execute       get_config_interface -m_axi_latency 
Execute       get_config_interface -m_axi_min_bitwidth 
Execute       get_config_interface -m_axi_max_bitwidth 
Execute       get_config_interface -m_axi_max_widen_bitwidth 
Execute       get_config_interface -m_axi_auto_max_ports 
Execute       get_config_interface -m_axi_num_read_outstanding 
Execute       get_config_interface -m_axi_num_write_outstanding 
Execute       get_config_interface -m_axi_max_read_burst_length 
Execute       get_config_interface -m_axi_max_write_burst_length 
Execute       get_config_interface -s_axilite_data64 
Execute       get_config_interface -m_axi_alignment_byte_size 
Execute       get_config_compile -pragma_strict_mode 
Execute       get_config_compile -pipeline_style 
Execute       send_msg_by_id INFO @200-777@%s Vivado 
INFO: [HLS 200-777] Using interface defaults for 'Vivado' flow target.
Execute       is_m_axi_addr64 
INFO-FLOW: Doing LTO.
Execute       ap_eval exec -ignorestderr G:/vivado2/Vitis_HLS/2020.2/win64/tools/clang-3.9-csynth/bin/clang -foptimization-record-file=D:/FPGA/FPGA/HLS/Vitis_HLS/led_twinkle_hls/solution1/.autopilot/db/clang.a.g.ld.0.bc.diag.yml -mllvm -pass-remarks-missed=reflow|pasta|unroll -mllvm -pass-remarks=reflow|pasta|unroll|inline -fhls -mllvm -hls-top-function-name=led_winkle -mllvm -hls-db-dir -mllvm D:/FPGA/FPGA/HLS/Vitis_HLS/led_twinkle_hls/solution1/.autopilot/db -emit-llvm -c -target fpga64-xilinx-none -mllvm -xcl-xmlinfo=D:/FPGA/FPGA/HLS/Vitis_HLS/led_twinkle_hls/solution1/.autopilot/db/kernel.internal.xml -mllvm -top-io-mapping-info=D:/FPGA/FPGA/HLS/Vitis_HLS/led_twinkle_hls/solution1/.autopilot/db/top-io-fe.xml -mllvm -hls-bitcode-version=3.1 -mllvm -reflow-enable-slave-interface-default-setting=true -mllvm -gen-kernel-xml=false -mllvm -default-maxi-offset=off -mllvm -maxi-latency=0 -mllvm -hls-maxi-data-size-in-bits=8 -mllvm -hls-maxi-max-data-size-in-bits=1024 -mllvm -hls-max-widen-size-in-bits=0 -mllvm -xcl-kernel-max-mem-ports=0 -mllvm -maxi-read-trans=16 -mllvm -maxi-write-trans=16 -mllvm -maxi-read-burst-len=16 -mllvm -maxi-write-burst-len=16 -mllvm -reflow-enable-saxi-64bits=0 -mllvm -assume-maxi-align=0 -mllvm -no-unaligned-maxi-accesses -mllvm -reflow-pipeline-style-llvm-setting=0 -mllvm -disable-inlined-alloca-merging=true -x ir D:/FPGA/FPGA/HLS/Vitis_HLS/led_twinkle_hls/solution1/.autopilot/db/a.g.ld.5.gdce.bc -o D:/FPGA/FPGA/HLS/Vitis_HLS/led_twinkle_hls/solution1/.autopilot/db/a.g.lto.bc > D:/FPGA/FPGA/HLS/Vitis_HLS/led_twinkle_hls/solution1/.autopilot/db/clang.a.g.ld.0.bc.out.log 2> D:/FPGA/FPGA/HLS/Vitis_HLS/led_twinkle_hls/solution1/.autopilot/db/clang.a.g.ld.0.bc.err.log 
Command       ap_eval done; 0.199 sec.
INFO: [HLS 214-131] Inlining function 'ap_uint<2>::ap_uint(int)' into 'led_winkle(ap_uint<2>*)' (led_twinkle_hls/src/led_winkle.cpp:9:14)
INFO: [HLS 214-131] Inlining function 'ap_uint<2>::ap_uint(int)' into 'led_winkle(ap_uint<2>*)' (led_twinkle_hls/src/led_winkle.cpp:11:11)
INFO-FLOW: DBG:CMD: copy_raw_kernel_xml ap_link_39: kernel.xml not generated: D:/FPGA/FPGA/HLS/Vitis_HLS/led_twinkle_hls/solution1/.autopilot/db/kernel.internal.xml
INFO: [HLS 200-111] Finished Compiling Optimization and Transform: CPU user time: 0 seconds. CPU system time: 0 seconds. Elapsed time: 5.283 seconds; current allocated memory: 92.982 MB.
INFO: [HLS 200-111] Finished Checking Pragmas: CPU user time: 0 seconds. CPU system time: 0 seconds. Elapsed time: 0.028 seconds; current allocated memory: 92.983 MB.
Execute       opt_and_import_c a -opt_level=2 -skip_syncheck=0 -ng=0 -keep_printf=0 
Execute         cleanup_all_models 
INFO: [HLS 200-10] Starting code transformations ...
INFO-FLOW: Running Standard Transforms...
Execute         transform -hls -share-std-xform -demangle-name -inline-byval-memcpy -always-inline -promote-dbg-pointer -interface-preproc -mem2reg -scalarrepl -mem2reg -keep-read-access -instcombine -dce -promote-dbg-pointer -bitop-raise -loop-simplify -indvarspre -indvars -loop-simplify -xunroll -constprop -instcombine -simplifycfg -indvars -simplifycfg -dce -globaldce -basicaa -simplifycfg -mem2reg -globalopt -global-constprop -deadargelim -instcombine -simplifycfg -scalarrepl -instcombine -reassociate -licm -simplifycfg -loop-simplify -indvars -instcombine -simplifycfg -mem2reg -loop-simplify -indvars -instcombine -gvn -gvn -instcombine -adce -break-crit-edges -simplifycfg -loop-delete -global-array-opt -dce -dse -adce -find-syn-modules -top led_winkle -deadargelim -mem2reg -instcombine -dce -presyn-prepare -auto-rom-infer -interface-preproc -syn-check -check-rec-only -find-region -simplifycfg -func-extr -function-inline -globaldce -mem2reg -instcombine -dce -gvn -globaldce -adce -adse -constprop -instcombine -bit-constprop -instcombine -dce -simplifycfg -bitop-raise -simplifycfg -dce -loop-delete -reassociate -globalopt -global-privatize -mem2reg -dce -global-constprop -pointer-simplify -constprop -dce -func-inst -deadargelim -auto-shift-reg-idiom -promote-dbg-pointer -norm-name D:/FPGA/FPGA/HLS/Vitis_HLS/led_twinkle_hls/solution1/.autopilot/db/a.g.0.bc -o D:/FPGA/FPGA/HLS/Vitis_HLS/led_twinkle_hls/solution1/.autopilot/db/a.g.1.bc -f -phase std-opt 
Command         transform done; 0.733 sec.
INFO: [HLS 200-111] Finished Standard Transforms: CPU user time: 0 seconds. CPU system time: 0 seconds. Elapsed time: 0.841 seconds; current allocated memory: 97.458 MB.
INFO: [HLS 200-10] Checking synthesizability ...
INFO-FLOW: Checking Synthesizability 1/2..
Execute         transform -hls -syn-check -check-rec-only -disaggr -scalarrepl -norm-name -dce -mem2reg -instcombine -function-uniquify -directive-preproc -mem2reg -dse -dce -auto-rom-infer -dce -pag -array-normalize -instcombine -dce -array-seg-normalize -instcombine -dce -data-pack -instcombine -dce -inst-simplify -array-flatten -instcombine -dce -array-burst -dce -deadargelim -promote-global-argument -simplifycfg -mem2reg -globaldce -dce -deadargelim -dce -instcombine -function-inline -globaldce -dce -doublePtrSimplify -doublePtrElim -dce -doublePtrSimplify -promote-dbg-pointer -dce -scalarrepl -dse -adse -instcombine -ptrLegalization -simplifycfg -dce -instcombine -pointer-simplify -ptrArgReplace -dce -instcombine -resolve-double-ptr -disaggr -scalarrepl -norm-name -dce -mem2reg -instcombine -ptrLegalization -simplifycfg -deadargelim -instcombine -dce -inst-simplify -function-uniquify -directive-preproc -mem2reg -dse -dce -globaldce -check-dspbuiltin D:/FPGA/FPGA/HLS/Vitis_HLS/led_twinkle_hls/solution1/.autopilot/db/a.g.1.bc -o D:/FPGA/FPGA/HLS/Vitis_HLS/led_twinkle_hls/solution1/.autopilot/db/a.g.2.prechk.bc -f 
Command         transform done; 0.102 sec.
INFO-FLOW: Checking Synthesizability 2/2..
Execute         transform -syn-check D:/FPGA/FPGA/HLS/Vitis_HLS/led_twinkle_hls/solution1/.autopilot/db/a.g.2.prechk.bc -o D:/FPGA/FPGA/HLS/Vitis_HLS/led_twinkle_hls/solution1/.autopilot/db/a.g.2.bc -f -phase syn-check 
INFO: [HLS 200-111] Finished Checking Synthesizability: CPU user time: 0 seconds. CPU system time: 0 seconds. Elapsed time: 0.233 seconds; current allocated memory: 102.531 MB.
INFO-FLOW: Compiler optimizing ...
INFO-FLOW: Share syncheck's 1.bc for syn flow: copy D:/FPGA/FPGA/HLS/Vitis_HLS/led_twinkle_hls/solution1/.autopilot/db/a.g.1.bc to D:/FPGA/FPGA/HLS/Vitis_HLS/led_twinkle_hls/solution1/.autopilot/db/a.o.1.bc
INFO-FLOW: Presyn 1...
Execute         transform -hls -tmp D:/FPGA/FPGA/HLS/Vitis_HLS/led_twinkle_hls/solution1/.autopilot/db -interface-port-rename -function-uniquify -directive-preproc -mem2reg -dse -dce -disaggr -scalarrepl -norm-name -deadargelim -mem2reg -instcombine -dce -simplifycfg -auto-rom-infer -dce -function-uniquify -resource-proc -clib-intrinsic-prepare -dce -func-buffer -dce -pag -array-normalize -func-legal -instcombine -gvn -constprop -dce -simplifycfg -mem2reg -globaldce -resolve-double-ptr -dce -deadargelim -dce -instcombine -ptrArgReplace -mem2reg -dce -array-seg-normalize -deadargelim -instcombine -dce -function-uniquify -directive-preproc -mem2reg -dse -dce -pointer-simplify -dce -port-alignment -dce -interface-preproc -data-pack -instcombine -dce -basicaa -aggr-aa -aggrmodref-aa -aggr-aa -gvn -gvn -basicaa -aggr-aa -aggrmodref-aa -aggr-aa -dse -adse -adce -loop-simplify -indvars -instcombine -gvn -loop-simplify -mem2reg -dce -find-region -instcombine -auto-loop-pipeline -inst-simplify -interface-preproc -cfgopt -instcombine -indvars -auto-loop-unroll -loop-simplify -loop-bound -xunroll -constprop -instcombine -simplifycfg -indvars -simplifycfg -dce -globaldce -clean-region -attach-range -gvn -inst-simplify -constprop -simplifycfg -dce -pointer-simplify -dce -globalopt -constprop -dce -array-promote -constprop -dce -ptrArgReplace -mem2reg -simplifycfg -dce -instcombine -dce -array-transform-check -array-reshape -instcombine -simplifycfg -dce -ptrArgReplace -deadargelim -mem2reg -instcombine -simplifycfg -dce -indvars -loop-simplify -loop-bound -xunroll -constprop -instcombine -simplifycfg -indvars -simplifycfg -dce -globaldce -basicaa -aggr-aa -aggrmodref-aa -aggr-aa -dse -duplicate-dataflow-processes -globaldce -instcombine -array-partition -instcombine -simplifycfg -dce -ptrArgReplace -global-constprop -deadargelim -mem2reg -func-legal -dce -global-constprop -deadargelim -mem2reg -simplifycfg -dce -merge-param -deadargelim -globalopt -constprop -dce -array-promote -constprop -dce -ptrArgReplace -mem2reg -simplifycfg -dce -mem-intrinsic-preproc -dce -global-internalize -global-privatize -mem2reg -globaldce -promote-global-argument -ptrArgReplace -mem2reg -dce -globalopt -mergereturn -simplify-global-access -mem2reg -dce -pointer-simplify -dce -functionattrs -basicaa -aggr-aa -aggrmodref-aa -aggr-aa -gvn -gvn -basicaa -aggr-aa -aggrmodref-aa -aggr-aa -dse -adse -adce -dce -norm-name -basicaa -aggr-aa -aggrmodref-aa -aggr-aa -accesses-merge -function-inline -complex-op-raise -inst-simplify -globaldce -func-inst -constprop -instcombine -simplifycfg -dce -func-legal -dce -loop-bound -arraycheck -bitwidthmin2 -bitwidthmin2 -on-by-dataflow -loop-delete -instcombine -simplifycfg -globaldce -dce -gvn -deadargelim -dce -loop-simplify -clean-region -simplifycfg -propagate-stable-arguments -loop-stream -instcombine -simplifycfg -dce -globaldce -duplicate-dataflow-processes -stream-intrinsic-preproc -dce -check-ap-stream -loop-simplify -eliminate-keepreads -extract-dataflow-in-loop -loop-simplify -dce -gvn -deadargelim -dse -check-dataflow-syntax -legalize-stream-variable -legalize-global -extract-subproc -dce -dead-channel-elimination -canonicalize-gep -globaldce -dce -gvn -hls-dead-arg-elim -deadargelim -directive-preproc -annotate-dataflow-channels -scalar-propagation -deadargelim -globaldce -mem2reg -check-dataflow-channels -function-stream -dce -globaldce -prop-fifo-spec -internal-stream-gen -canonicalize-gep -globaldce -dce -gvn -deadargelim -mergereturn -indvars -loop-simplify -instcombine -array-stream -array-seg-normalize -array-partition -func-legal -instcombine -simplifycfg -dce -bundle-memfifo-ops -deadargelim -function-uniquify -directive-preproc -mem2reg -dse -dce -group-axi-access -licm -simplifycfg -dce -loop-delete -norm-name D:/FPGA/FPGA/HLS/Vitis_HLS/led_twinkle_hls/solution1/.autopilot/db/a.o.1.bc -o D:/FPGA/FPGA/HLS/Vitis_HLS/led_twinkle_hls/solution1/.autopilot/db/a.o.1.tmp.bc -f 
INFO: [XFORM 203-510] Pipelining loop 'VITIS_LOOP_7_1' (led_twinkle_hls/src/led_winkle.cpp:6) in function 'led_winkle' automatically.
Command         transform done; 0.136 sec.
INFO-FLOW: Presyn 2...
Execute         transform -hls -keep-callgraph -scalarrepl -mem2reg -port-alignment -attach-range -dce -pipe-mux-gen -indvars -loop-bound -inst-simplify -instcombine -dce -merge-array-access -mem2reg -dce -clean-region -mergereturn -if-conv -instcombine -dce -constprop -basicaa -aggr-aa -aggrmodref-aa -aggr-aa -gvn -gvn -basicaa -aggr-aa -aggrmodref-aa -aggr-aa -dse -adse -adce -scalarrepl -mem2reg -global-constprop -deadargelim -deadargelim -instcombine -dce -simplifycfg -ptrArgReplace -mem2reg -function-inline -globaldce -mem2reg -instcombine -dce -expr-balance -instcombine -dce -bitwidthmin2 -bitwidthmin2 -interface-preproc -directive-preproc -inst-rectify -instcombine -dce -functionattrs -constprop -instcombine -bit-constprop -simplify-global-access -globalopt -globaldce -inst-simplify -instcombine -elimdeaddata -dce -loop-delete -simplifycfg -loop-simplify -auto-burst -barrier -norm-name D:/FPGA/FPGA/HLS/Vitis_HLS/led_twinkle_hls/solution1/.autopilot/db/a.o.1.tmp.bc -o D:/FPGA/FPGA/HLS/Vitis_HLS/led_twinkle_hls/solution1/.autopilot/db/a.o.2.bc -f -phase presyn 
INFO: [HLS 200-111] Finished Loop, function and other optimizations: CPU user time: 1 seconds. CPU system time: 0 seconds. Elapsed time: 0.256 seconds; current allocated memory: 128.706 MB.
Execute         get_config_compile -enable_loop_extract 
Execute         get_config_compile -disable_auto_rewind 
Execute         get_config_compile -enable_auto_rewind 
INFO-FLOW: Building ssdm...
Execute         transform -hls -function-uniquify -auto-function-inline -globaldce -ptrArgReplace -mem2reg -dce -reset-lda -loop-simplify -indvars -aggr-aa -licm -loop-dep -loop-bound -licm -loop-simplify -flattenloopnest -array-flatten -gvn -instcombine -dce -array-map -dce -func-legal -gvn -adce -instcombine -cfgopt -simplifycfg -loop-simplify -array-burst -promote-global-argument -dce -array-seg-normalize -basicaa -aggrmodref-aa -globalsmodref-aa -aggr-aa -gvn -gvn -basicaa -aggrmodref-aa -globalsmodref-aa -aggr-aa -dse -adse -adce -licm -inst-simplify -dce -globaldce -instcombine -array-stream -eliminate-keepreads -instcombine -dce -deadargelim -doublePtrSimplify -doublePtrElim -dce -doublePtrSimplify -promote-dbg-pointer -dce -scalarrepl -mem2reg -disaggr -norm-name -mem2reg -instcombine -dse -adse -adce -ptrLegalization -dce -auto-rom-infer -array-flatten -dce -instcombine -check-doubleptr -loop-rot -constprop -cfgopt -simplifycfg -loop-simplify -indvars -pointer-simplify -dce -loop-bound -loop-simplify -loop-preproc -constprop -global-constprop -gvn -mem2reg -instcombine -dce -loop-bound -loop-merge -dce -bitwidthmin2 -bitwidthmin2 -deadargelim -dce -canonicalize-dataflow -dce -scalar-propagation -deadargelim -globaldce -mem2reg -read-loop-dep -interface-preproc -directive-preproc -interface-gen -bram-byte-enable -deadargelim -inst-simplify -dce -gvn -mem2reg -instcombine -dce -adse -loop-bound -instcombine -cfgopt -simplifycfg -loop-simplify -clean-region -io-protocol -find-region -mem2reg -bitop-raise -complex-op-raise -inst-simplify -inst-rectify -instcombine -adce -deadargelim -loop-simplify -phi-opt -bitop-raise -cfgopt -simplifycfg -strip-dead-prototypes -interface-lower -bitop-lower -intrinsic-lower -auto-function-inline -basicaa -aggrmodref-aa -globalsmodref-aa -aggr-aa -inst-simplify -simplifycfg -loop-simplify -mergereturn -inst-simplify -inst-rectify -dce -load-elim -bitop-lower -float-op-raise -loop-rewind -pointer-simplify -dce -cfgopt -dce -loop-bound -loop-dep -read-loop-dep -dce -dyn-mem-reuse -dce -check-stream -norm-name -legalize -validate-dataflow -inst-clarity -bitwidth -dump-loop-dep-to-ir -check-all-ssdm -cdfg-build D:/FPGA/FPGA/HLS/Vitis_HLS/led_twinkle_hls/solution1/.autopilot/db/a.o.2.bc -o D:/FPGA/FPGA/HLS/Vitis_HLS/led_twinkle_hls/solution1/.autopilot/db/a.o.3.bc -f -phase build-ssdm 
Command         transform done; 0.175 sec.
INFO: [HLS 200-111] Finished Architecture Synthesis: CPU user time: 0 seconds. CPU system time: 0 seconds. Elapsed time: 0.206 seconds; current allocated memory: 123.547 MB.
INFO-FLOW: Finish building internal data model.
Command       opt_and_import_c done; 1.544 sec.
Command     elaborate done; 10.945 sec.
Execute     autosyn -from_csynth_design=1 
INFO: [HLS 200-10] Starting hardware synthesis ...
INFO-FLOW: Synthesizing C/C++ design ...
INFO: [HLS 200-10] Synthesizing 'led_winkle' ...
Execute       ap_set_top_model led_winkle 
Execute       get_model_list led_winkle -filter all-wo-channel -topdown 
Execute       preproc_iomode -model led_winkle 
Execute       get_model_list led_winkle -filter all-wo-channel 
INFO-FLOW: Model list for configure: led_winkle
INFO-FLOW: Configuring Module : led_winkle ...
Execute       set_default_model led_winkle 
Execute       apply_spec_resource_limit led_winkle 
INFO-FLOW: Model list for preprocess: led_winkle
INFO-FLOW: Preprocessing Module: led_winkle ...
Execute       set_default_model led_winkle 
Execute       cdfg_preprocess -model led_winkle 
Execute       rtl_gen_preprocess led_winkle 
INFO-FLOW: Model list for synthesis: led_winkle
INFO: [HLS 200-10] ----------------------------------------------------------------
INFO: [HLS 200-42] -- Implementing module 'led_winkle' 
INFO: [HLS 200-10] ----------------------------------------------------------------
Execute       set_default_model led_winkle 
Execute       schedule -model led_winkle 
INFO: [SCHED 204-11] Starting scheduling ...
INFO: [SCHED 204-61] Pipelining loop 'VITIS_LOOP_7_1'.
INFO: [HLS 200-1470] Pipelining result : Target II = 1, Final II = 1, Depth = 1, loop 'VITIS_LOOP_7_1'
INFO: [SCHED 204-11] Finished scheduling.
Command       schedule done; 0.449 sec.
INFO: [HLS 200-111] Finished Scheduling: CPU user time: 0 seconds. CPU system time: 0 seconds. Elapsed time: 0.673 seconds; current allocated memory: 123.718 MB.
Execute       syn_report -verbosereport -o D:/FPGA/FPGA/HLS/Vitis_HLS/led_twinkle_hls/solution1/.autopilot/db/led_winkle.verbose.sched.rpt 
Execute         AP::get_flow_target_display_name
Execute           get_solution -flow_target 
Execute       db_write -o D:/FPGA/FPGA/HLS/Vitis_HLS/led_twinkle_hls/solution1/.autopilot/db/led_winkle.sched.adb -f 
INFO-FLOW: Finish scheduling led_winkle.
Execute       set_default_model led_winkle 
Execute       bind -model led_winkle 
INFO: [BIND 205-100] Starting micro-architecture generation ...
INFO: [BIND 205-101] Performing variable lifetime analysis.
INFO: [BIND 205-101] Exploring resource sharing.
INFO: [BIND 205-101] Binding ...
INFO: [BIND 205-100] Finished micro-architecture generation.
Command       bind done; 0.143 sec.
INFO: [HLS 200-111] Finished Binding: CPU user time: 0 seconds. CPU system time: 0 seconds. Elapsed time: 0.269 seconds; current allocated memory: 123.832 MB.
Execute       syn_report -verbosereport -o D:/FPGA/FPGA/HLS/Vitis_HLS/led_twinkle_hls/solution1/.autopilot/db/led_winkle.verbose.bind.rpt 
Execute         AP::get_flow_target_display_name
Execute           get_solution -flow_target 
Execute       db_write -o D:/FPGA/FPGA/HLS/Vitis_HLS/led_twinkle_hls/solution1/.autopilot/db/led_winkle.bind.adb -f 
INFO-FLOW: Finish binding led_winkle.
Execute       get_model_list led_winkle -filter all-wo-channel 
INFO-FLOW: Preprocessing for RTLGen ...
Execute       rtl_gen_preprocess led_winkle 
INFO-FLOW: Model list for RTL generation: led_winkle
INFO: [HLS 200-10] ----------------------------------------------------------------
INFO: [HLS 200-10] -- Generating RTL for module 'led_winkle' 
INFO: [HLS 200-10] ----------------------------------------------------------------
Execute       get_config_rtl -module_prefix 
Execute       get_config_rtl -module_prefix 
Execute       get_config_rtl -module_auto_prefix 
Execute       create_rtl_model led_winkle -top_prefix  -sub_prefix led_winkle_ -mg_file D:/FPGA/FPGA/HLS/Vitis_HLS/led_twinkle_hls/solution1/.autopilot/db/led_winkle.compgen.tcl 
INFO: [RTGEN 206-500] Setting interface mode on port 'led_winkle/led' to 'ap_vld'.
INFO: [RTGEN 206-500] Setting interface mode on function 'led_winkle' to 'ap_ctrl_hs'.
INFO: [RTGEN 206-100] Finished creating RTL model for 'led_winkle'.
Command       create_rtl_model done; 0.154 sec.
INFO: [HLS 200-111] Finished Creating RTL model: CPU user time: 0 seconds. CPU system time: 0 seconds. Elapsed time: 0.303 seconds; current allocated memory: 124.067 MB.
Execute       source D:/FPGA/FPGA/HLS/Vitis_HLS/led_twinkle_hls/solution1/.autopilot/db/led_winkle.rtl_wrap.cfg.tcl 
Execute       gen_rtl led_winkle -istop -style xilinx -f -lang vhdl -o D:/FPGA/FPGA/HLS/Vitis_HLS/led_twinkle_hls/solution1/syn/vhdl/led_winkle 
Execute       gen_rtl led_winkle -istop -style xilinx -f -lang vlog -o D:/FPGA/FPGA/HLS/Vitis_HLS/led_twinkle_hls/solution1/syn/verilog/led_winkle 
Execute       syn_report -csynth -model led_winkle -o D:/FPGA/FPGA/HLS/Vitis_HLS/led_twinkle_hls/solution1/syn/report/led_winkle_csynth.rpt 
Execute         AP::get_flow_target_display_name
Execute           get_solution -flow_target 
Execute       syn_report -rtlxml -model led_winkle -o D:/FPGA/FPGA/HLS/Vitis_HLS/led_twinkle_hls/solution1/syn/report/led_winkle_csynth.xml 
Execute         get_solution -flow_target
Execute           get_solution -flow_target 
Execute       syn_report -verbosereport -model led_winkle -o D:/FPGA/FPGA/HLS/Vitis_HLS/led_twinkle_hls/solution1/.autopilot/db/led_winkle.verbose.rpt 
Execute         AP::get_flow_target_display_name
Execute           get_solution -flow_target 
Execute       db_write -model led_winkle -f -o D:/FPGA/FPGA/HLS/Vitis_HLS/led_twinkle_hls/solution1/.autopilot/db/led_winkle.adb 
Execute       gen_tb_info led_winkle -p D:/FPGA/FPGA/HLS/Vitis_HLS/led_twinkle_hls/solution1/.autopilot/db -o D:/FPGA/FPGA/HLS/Vitis_HLS/led_twinkle_hls/solution1/.autopilot/db/led_winkle 
Execute       export_constraint_db -f -tool general -o D:/FPGA/FPGA/HLS/Vitis_HLS/led_twinkle_hls/solution1/.autopilot/db/led_winkle.constraint.tcl 
Execute       syn_report -designview -model led_winkle -o D:/FPGA/FPGA/HLS/Vitis_HLS/led_twinkle_hls/solution1/.autopilot/db/led_winkle.design.xml 
Execute       syn_report -csynthDesign -model led_winkle -o D:/FPGA/FPGA/HLS/Vitis_HLS/led_twinkle_hls/solution1/syn/report/csynth.rpt 
Execute         AP::get_flow_target_display_name
Execute           get_solution -flow_target 
Execute       get_config_rtl -disable_wave_debug 
Execute       syn_report -wcfg -model led_winkle -o D:/FPGA/FPGA/HLS/Vitis_HLS/led_twinkle_hls/solution1/.autopilot/db/led_winkle_dataflow_ana.wcfg 
Execute       syn_report -protoinst -model led_winkle -o D:/FPGA/FPGA/HLS/Vitis_HLS/led_twinkle_hls/solution1/.autopilot/db/led_winkle.protoinst 
Execute       get_config_debug -directory 
Execute       sc_get_clocks led_winkle 
Execute       get_config_export -vivado_clock 
Execute       get_config_rtl -module_prefix 
Execute       get_config_rtl -module_prefix 
Execute       get_config_rtl -module_auto_prefix 
Execute       sc_get_portdomain led_winkle 
INFO-FLOW: Model list for RTL component generation: led_winkle
INFO-FLOW: Handling components in module [led_winkle] ... 
Execute       source D:/FPGA/FPGA/HLS/Vitis_HLS/led_twinkle_hls/solution1/.autopilot/db/led_winkle.compgen.tcl 
INFO-FLOW: Append model led_winkle
INFO-FLOW: Generating RTL model list ...
INFO-FLOW: All models in this session: led_winkle
INFO-FLOW: To file: write model led_winkle
INFO-FLOW: Finished generating RTL model list.


INFO-FLOW: RTL Generation done.
INFO-FLOW: CAS Generation done.
INFO-FLOW: CBC Generation done.
Execute       get_top 
Execute       get_config_export -ipname 
Execute       get_config_export -xo 
Execute       get_config_export -format 
Execute       get_config_rtl -module_auto_prefix 
INFO-FLOW: DBG:CMD:   auto_impl: set ipname to top (module_auto_prefix): led_winkle
INFO-FLOW: DBG:CMD: auto_generate_csynth_design
INFO-FLOW: DBG:CMD:     auto_generate --sim-model -phase csynth_design -d D:/FPGA/FPGA/HLS/Vitis_HLS/led_twinkle_hls/solution1
Execute       get_solution -flow_target 
Execute       get_config_export -xo 
Execute       get_config_export -format 
Execute       source D:/FPGA/FPGA/HLS/Vitis_HLS/led_twinkle_hls/solution1/.autopilot/db/global.setting.tcl 
INFO-FLOW: DBG:CMD: read_platform_lib D:/FPGA/FPGA/HLS/Vitis_HLS/led_twinkle_hls/solution1/.autopilot/db/global.setting.tcl
Execute       source G:/vivado2/Vitis_HLS/2020.2/common/technology/generic/autopilot/common.gen 
Execute         source G:/vivado2/Vitis_HLS/2020.2/common/technology/generic/autopilot/APCoreGen.gen 
Execute       source G:/vivado2/Vitis_HLS/2020.2/common/technology/generic/autopilot/op.gen 
Execute       source G:/vivado2/Vitis_HLS/2020.2/common/technology/generic/autopilot/op_simcore.gen 
Execute       source G:/vivado2/Vitis_HLS/2020.2/common/technology/generic/autopilot/interface.gen 
Execute       source D:/FPGA/FPGA/HLS/Vitis_HLS/led_twinkle_hls/solution1/.autopilot/db/global.setting.tcl 
Execute       source G:/vivado2/Vitis_HLS/2020.2/common/technology/xilinx/common/xilinx.gen 
Execute         source G:/vivado2/Vitis_HLS/2020.2/common/technology/xilinx/interface/plb46.gen 
Execute         source G:/vivado2/Vitis_HLS/2020.2/common/technology/xilinx/interface/axi4.gen 
Execute         source G:/vivado2/Vitis_HLS/2020.2/common/technology/xilinx/interface/nativeAXI4.gen 
Execute           source G:/vivado2/Vitis_HLS/2020.2/common/technology/xilinx/interface/saxilite.gen 
Execute           source G:/vivado2/Vitis_HLS/2020.2/common/technology/xilinx/interface/maxi.gen 
Execute         source G:/vivado2/Vitis_HLS/2020.2/common/technology/xilinx/scripts/xilinxcoregen.gen 
Execute         source G:/vivado2/Vitis_HLS/2020.2/common/technology/xilinx/interface/XilEDKCoreGen.gen 
Execute         source G:/vivado2/Vitis_HLS/2020.2/common/technology/xilinx/ip/dds_compiler.gen 
Execute         source G:/vivado2/Vitis_HLS/2020.2/common/technology/xilinx/ip/util.gen 
Execute         source G:/vivado2/Vitis_HLS/2020.2/common/technology/xilinx/ip/xfft.gen 
Execute         source G:/vivado2/Vitis_HLS/2020.2/common/technology/xilinx/ip/xfir.gen 
Execute         source G:/vivado2/Vitis_HLS/2020.2/common/technology/xilinx/DSP48/dsp48.gen 
Command       ap_source done; 0.155 sec.
Execute       source G:/vivado2/Vitis_HLS/2020.2/common/technology/xilinx/common/xilinx.gen 
Execute         source G:/vivado2/Vitis_HLS/2020.2/common/technology/xilinx/interface/plb46.gen 
Execute         source G:/vivado2/Vitis_HLS/2020.2/common/technology/xilinx/interface/axi4.gen 
Execute         source G:/vivado2/Vitis_HLS/2020.2/common/technology/xilinx/interface/nativeAXI4.gen 
Execute           source G:/vivado2/Vitis_HLS/2020.2/common/technology/xilinx/interface/saxilite.gen 
Execute           source G:/vivado2/Vitis_HLS/2020.2/common/technology/xilinx/interface/maxi.gen 
Execute         source G:/vivado2/Vitis_HLS/2020.2/common/technology/xilinx/scripts/xilinxcoregen.gen 
Execute         source G:/vivado2/Vitis_HLS/2020.2/common/technology/xilinx/interface/XilEDKCoreGen.gen 
Execute         source G:/vivado2/Vitis_HLS/2020.2/common/technology/xilinx/ip/dds_compiler.gen 
Execute         source G:/vivado2/Vitis_HLS/2020.2/common/technology/xilinx/ip/util.gen 
Execute         source G:/vivado2/Vitis_HLS/2020.2/common/technology/xilinx/ip/xfft.gen 
Execute         source G:/vivado2/Vitis_HLS/2020.2/common/technology/xilinx/ip/xfir.gen 
Execute         source G:/vivado2/Vitis_HLS/2020.2/common/technology/xilinx/DSP48/dsp48.gen 
Command       ap_source done; 0.131 sec.
INFO-FLOW: DBG:CMD:   using AESL_AUTOCG::g_clock_period=10.000 (was NA)
INFO-FLOW: DBG:CMD:       generate_ip_cores sim=1 export=0 expOnly=0 dstVlogDir=syn/verilog
Execute       source D:/FPGA/FPGA/HLS/Vitis_HLS/led_twinkle_hls/solution1/.autopilot/db/global.setting.tcl 
Execute       ap_part_info -name xc7z010-clg400-1 -data names -quiet 
Execute       ap_part_info -name xc7z010-clg400-1 -data info -quiet 
Execute       source D:/FPGA/FPGA/HLS/Vitis_HLS/led_twinkle_hls/solution1/.autopilot/db/global.setting.tcl 
Execute       source D:/FPGA/FPGA/HLS/Vitis_HLS/led_twinkle_hls/solution1/.autopilot/db/global.setting.tcl 
Execute       source D:/FPGA/FPGA/HLS/Vitis_HLS/led_twinkle_hls/solution1/.autopilot/db/led_winkle.compgen.tcl 
INFO-FLOW: DBG:CMD:     auto_generate -export -impltomg_flag -rtl both -tool Vivado -pcore_version 1.00.a -phase csynth_design -d D:/FPGA/FPGA/HLS/Vitis_HLS/led_twinkle_hls/solution1
Execute       get_solution -flow_target 
Execute       get_config_export -xo 
Execute       get_config_export -format 
Execute       source D:/FPGA/FPGA/HLS/Vitis_HLS/led_twinkle_hls/solution1/.autopilot/db/global.setting.tcl 
INFO-FLOW: DBG:CMD: read_platform_lib D:/FPGA/FPGA/HLS/Vitis_HLS/led_twinkle_hls/solution1/.autopilot/db/global.setting.tcl
Execute       source G:/vivado2/Vitis_HLS/2020.2/common/technology/generic/autopilot/common.gen 
Execute         source G:/vivado2/Vitis_HLS/2020.2/common/technology/generic/autopilot/APCoreGen.gen 
Execute       source G:/vivado2/Vitis_HLS/2020.2/common/technology/generic/autopilot/op.gen 
Execute       source G:/vivado2/Vitis_HLS/2020.2/common/technology/generic/autopilot/op_simcore.gen 
Execute       source G:/vivado2/Vitis_HLS/2020.2/common/technology/generic/autopilot/interface.gen 
Execute       source D:/FPGA/FPGA/HLS/Vitis_HLS/led_twinkle_hls/solution1/.autopilot/db/global.setting.tcl 
Execute       source G:/vivado2/Vitis_HLS/2020.2/common/technology/xilinx/common/xilinx.gen 
Execute         source G:/vivado2/Vitis_HLS/2020.2/common/technology/xilinx/interface/plb46.gen 
Execute         source G:/vivado2/Vitis_HLS/2020.2/common/technology/xilinx/interface/axi4.gen 
Execute         source G:/vivado2/Vitis_HLS/2020.2/common/technology/xilinx/interface/nativeAXI4.gen 
Execute           source G:/vivado2/Vitis_HLS/2020.2/common/technology/xilinx/interface/saxilite.gen 
Execute           source G:/vivado2/Vitis_HLS/2020.2/common/technology/xilinx/interface/maxi.gen 
Execute         source G:/vivado2/Vitis_HLS/2020.2/common/technology/xilinx/scripts/xilinxcoregen.gen 
Execute         source G:/vivado2/Vitis_HLS/2020.2/common/technology/xilinx/interface/XilEDKCoreGen.gen 
Execute         source G:/vivado2/Vitis_HLS/2020.2/common/technology/xilinx/ip/dds_compiler.gen 
Execute         source G:/vivado2/Vitis_HLS/2020.2/common/technology/xilinx/ip/util.gen 
Execute         source G:/vivado2/Vitis_HLS/2020.2/common/technology/xilinx/ip/xfft.gen 
Execute         source G:/vivado2/Vitis_HLS/2020.2/common/technology/xilinx/ip/xfir.gen 
Execute         source G:/vivado2/Vitis_HLS/2020.2/common/technology/xilinx/DSP48/dsp48.gen 
Command       ap_source done; 0.163 sec.
Execute       source G:/vivado2/Vitis_HLS/2020.2/common/technology/xilinx/common/xilinx.gen 
Execute         source G:/vivado2/Vitis_HLS/2020.2/common/technology/xilinx/interface/plb46.gen 
Execute         source G:/vivado2/Vitis_HLS/2020.2/common/technology/xilinx/interface/axi4.gen 
Execute         source G:/vivado2/Vitis_HLS/2020.2/common/technology/xilinx/interface/nativeAXI4.gen 
Execute           source G:/vivado2/Vitis_HLS/2020.2/common/technology/xilinx/interface/saxilite.gen 
Execute           source G:/vivado2/Vitis_HLS/2020.2/common/technology/xilinx/interface/maxi.gen 
Execute         source G:/vivado2/Vitis_HLS/2020.2/common/technology/xilinx/scripts/xilinxcoregen.gen 
Execute         source G:/vivado2/Vitis_HLS/2020.2/common/technology/xilinx/interface/XilEDKCoreGen.gen 
Execute         source G:/vivado2/Vitis_HLS/2020.2/common/technology/xilinx/ip/dds_compiler.gen 
Execute         source G:/vivado2/Vitis_HLS/2020.2/common/technology/xilinx/ip/util.gen 
Execute         source G:/vivado2/Vitis_HLS/2020.2/common/technology/xilinx/ip/xfft.gen 
Execute         source G:/vivado2/Vitis_HLS/2020.2/common/technology/xilinx/ip/xfir.gen 
Execute         source G:/vivado2/Vitis_HLS/2020.2/common/technology/xilinx/DSP48/dsp48.gen 
Command       ap_source done; 0.131 sec.
INFO-FLOW: DBG:CMD:       initCTypeInfo top_module=led_winkle xml_exists=0
Execute       source D:/FPGA/FPGA/HLS/Vitis_HLS/led_twinkle_hls/solution1/.autopilot/db/led_winkle.rtl_wrap.cfg.tcl 
Execute       source D:/FPGA/FPGA/HLS/Vitis_HLS/led_twinkle_hls/solution1/.autopilot/db/led_winkle.rtl_wrap.cfg.tcl 
Execute       source D:/FPGA/FPGA/HLS/Vitis_HLS/led_twinkle_hls/solution1/.autopilot/db/led_winkle.rtl_wrap.cfg.tcl 
Execute       source D:/FPGA/FPGA/HLS/Vitis_HLS/led_twinkle_hls/solution1/.autopilot/db/led_winkle.tbgen.tcl 
Execute       source D:/FPGA/FPGA/HLS/Vitis_HLS/led_twinkle_hls/solution1/.autopilot/db/led_winkle.tbgen.tcl 
INFO-FLOW: DBG:CMD:       export_impl_rtl
INFO-FLOW: DBG:CMD:       generate_ip_cores sim=0 export=0 expOnly=0 dstVlogDir=impl/.verilog
Execute       source D:/FPGA/FPGA/HLS/Vitis_HLS/led_twinkle_hls/solution1/.autopilot/db/global.setting.tcl 
Execute       source D:/FPGA/FPGA/HLS/Vitis_HLS/led_twinkle_hls/solution1/.autopilot/db/led_winkle.compgen.tcl 
INFO-FLOW: DBG:CMD:       generate_ip_cores sim=0 export=1 expOnly=1 dstVlogDir=impl/.pcores/verilog
Execute       source D:/FPGA/FPGA/HLS/Vitis_HLS/led_twinkle_hls/solution1/.autopilot/db/global.setting.tcl 
Execute       source D:/FPGA/FPGA/HLS/Vitis_HLS/led_twinkle_hls/solution1/.autopilot/db/led_winkle.compgen.tcl 
Execute         ap_part_info -name xc7z010-clg400-1 -data names -quiet 
Execute         ap_part_info -name xc7z010-clg400-1 -data info -quiet 
Execute         ap_part_info -name xc7z010-clg400-1 -data names -quiet 
Execute         ap_part_info -name xc7z010-clg400-1 -data info -quiet 
Execute         ap_part_info -name xc7z010-clg400-1 -data names -quiet 
Execute         ap_part_info -name xc7z010-clg400-1 -data info -quiet 
Execute         ap_part_info -name xc7z010-clg400-1 -data names -quiet 
Execute         ap_part_info -name xc7z010-clg400-1 -data info -quiet 
Execute         ap_part_info -name xc7z010-clg400-1 -data names -quiet 
Execute         ap_part_info -name xc7z010-clg400-1 -data info -quiet 
Execute         ap_part_info -name xc7z010-clg400-1 -data names -quiet 
Execute         ap_part_info -name xc7z010-clg400-1 -data info -quiet 
Execute         ap_part_info -name xc7z010-clg400-1 -data names -quiet 
Execute         ap_part_info -name xc7z010-clg400-1 -data info -quiet 
Execute         ap_part_info -name xc7z010-clg400-1 -data names -quiet 
Execute         ap_part_info -name xc7z010-clg400-1 -data info -quiet 
Execute       ap_part_info -name xc7z010-clg400-1 -data names -quiet 
Execute       ap_part_info -name xc7z010-clg400-1 -data info -quiet 
INFO-FLOW: DBG:CMD:       generate_ip_cores sim=0 export=0 expOnly=0 dstVlogDir=impl/.pcores/verilog_sim
Execute       source D:/FPGA/FPGA/HLS/Vitis_HLS/led_twinkle_hls/solution1/.autopilot/db/global.setting.tcl 
Execute       source D:/FPGA/FPGA/HLS/Vitis_HLS/led_twinkle_hls/solution1/.autopilot/db/led_winkle.compgen.tcl 
Execute       ap_part_info -name xc7z010-clg400-1 -data names -quiet 
Execute       ap_part_info -name xc7z010-clg400-1 -data info -quiet 
Execute       ap_part_info -name xc7z010-clg400-1 -data names -quiet 
Execute       ap_part_info -name xc7z010-clg400-1 -data info -quiet 
Execute       source D:/FPGA/FPGA/HLS/Vitis_HLS/led_twinkle_hls/solution1/.autopilot/db/global.setting.tcl 
Execute       ap_part_info -name xc7z010-clg400-1 -data names -quiet 
Execute       ap_part_info -name xc7z010-clg400-1 -data info -quiet 
Execute       source D:/FPGA/FPGA/HLS/Vitis_HLS/led_twinkle_hls/solution1/.autopilot/db/led_winkle.constraint.tcl 
Execute       source D:/FPGA/FPGA/HLS/Vitis_HLS/led_twinkle_hls/solution1/.autopilot/db/led_winkle.tbgen.tcl 
INFO-FLOW: DBG:CMD:       hasPcoreIpAdapter=false #gSsdmPorts=4
INFO-FLOW: DBG:CMD: Skipping loadAnalyze_DB, #g_database=1
INFO-FLOW: DBG:CMD:       generate_json is_phase_csynth=1 g_has_adaptors=false generate_bd_files=0 #modelList=1 #gSsdmPorts=4
Execute       source G:/vivado2/Vitis_HLS/2020.2/tps/tcl/tcllib1.11.1/fileutil/fileutil.tcl 
Execute       source D:/FPGA/FPGA/HLS/Vitis_HLS/led_twinkle_hls/solution1/.autopilot/db/global.setting.tcl 
Execute       source D:/FPGA/FPGA/HLS/Vitis_HLS/led_twinkle_hls/solution1/.autopilot/db/global.setting.tcl 
Execute       source D:/FPGA/FPGA/HLS/Vitis_HLS/led_twinkle_hls/solution1/.autopilot/db/top-io-be.tcl 
Execute       source D:/FPGA/FPGA/HLS/Vitis_HLS/led_twinkle_hls/solution1/.autopilot/db/led_winkle.tbgen.tcl 
Execute       source D:/FPGA/FPGA/HLS/Vitis_HLS/led_twinkle_hls/solution1/.autopilot/db/led_winkle.rtl_wrap.cfg.tcl 
Execute       source D:/FPGA/FPGA/HLS/Vitis_HLS/led_twinkle_hls/solution1/.autopilot/db/led_winkle.compgen.dataonly.tcl 
Execute       get_config_export -format 
Execute       ap_part_info -name xc7z010-clg400-1 -data names -quiet 
Execute       ap_part_info -name xc7z010-clg400-1 -data info -quiet 
Execute       source D:/FPGA/FPGA/HLS/Vitis_HLS/led_twinkle_hls/solution1/.autopilot/db/led_winkle.tbgen.tcl 
Execute       source D:/FPGA/FPGA/HLS/Vitis_HLS/led_twinkle_hls/solution1/.autopilot/db/global.setting.tcl 
Execute       ap_part_info -name xc7z010-clg400-1 -data names -quiet 
Execute       ap_part_info -name xc7z010-clg400-1 -data info -quiet 
Execute       get_solution -flow_target 
Execute       get_config_rtl -kernel_profile 
Execute       get_config_rtl -kernel_profile 
Execute       get_config_rtl -stall_sig_gen 
Execute       get_config_rtl -profile 
Execute       source D:/FPGA/FPGA/HLS/Vitis_HLS/led_twinkle_hls/solution1/.autopilot/db/led_winkle.constraint.tcl 
Execute       sc_get_clocks led_winkle 
Execute       source D:/FPGA/FPGA/HLS/Vitis_HLS/led_twinkle_hls/solution1/.autopilot/db/global.setting.tcl 
Execute       get_config_debug -directory 
INFO-FLOW: DBG:CMD:       delete-temp-dirs (skipped for debug)
INFO: [HLS 200-111] Finished Generating all RTL models: CPU user time: 1 seconds. CPU system time: 0 seconds. Elapsed time: 2.224 seconds; current allocated memory: 130.091 MB.
INFO: [VHDL 208-304] Generating VHDL RTL for led_winkle.
INFO: [VLOG 209-307] Generating Verilog RTL for led_winkle.
INFO-FLOW: DBG:CMD:       update_csynth_xml_report append design.xml content design_xml=D:/FPGA/FPGA/HLS/Vitis_HLS/led_twinkle_hls/solution1/.autopilot/db/led_winkle.design.xml
INFO-FLOW: DBG:CMD:       update_csynth_xml_report json2reportxml
INFO-FLOW: DBG:CMD:       update_csynth_xml_report done
Execute       syn_report -model led_winkle -printsummary 
INFO: [HLS 200-790] **** Loop Constraint Status: All loop constraints were satisfied.
INFO: [HLS 200-789] **** Estimated Fmax: 289.90 MHz
Command     autosyn done; 3.643 sec.
Command   csynth_design done; 14.625 sec.
INFO: [HLS 200-111] Finished Command csynth_design CPU user time: 4 seconds. CPU system time: 0 seconds. Elapsed time: 14.648 seconds; current allocated memory: 130.269 MB.
Command ap_source done; 16.157 sec.
Execute cleanup_all 
Command cleanup_all done; 0.109 sec.
